<?xml version="1.0" encoding="UTF-8"?>
<!-- Generated by org.testng.reporters.JUnitXMLReporter -->
<testsuite hostname="IFOCUSODC-PC09" ignored="1" name="AuthApitest" tests="12" failures="1" timestamp="28 Mar 2018 07:58:45 GMT" time="39.148" errors="0">
  <testcase name="authentication_positive" time="3.681" classname="com.loginradius.Authentication"/>
  <testcase name="checkemail_positive" time="4.269" classname="com.loginradius.CheckEmail"/>
  <testcase name="create_positive" time="2.948" classname="com.loginradius.Create"/>
  <testcase name="edituser" time="4.294" classname="com.loginradius.EditUser"/>
  <testcase name="getacesstoken" time="1.866" classname="com.loginradius.GetAcessToken">
    <failure type="java.lang.AssertionError" message="1 expectation failed.
JSON path $ doesn&amp;apos;t match.
Expected: map containing [&amp;quot;access_token&amp;quot;-&amp;gt;ANYTHING]
  Actual: {error=Token field is mandatory. Please enter token}
">
      <![CDATA[java.lang.AssertionError: 1 expectation failed.JSON path $ doesn't match.Expected: map containing ["access_token"->ANYTHING]  Actual: {error=Token field is mandatory. Please enter token}at org.codehaus.groovy.runtime.callsite.ConstructorSite$ConstructorSiteNoUnwrap.callConstructor(ConstructorSite.java:84)at org.codehaus.groovy.runtime.callsite.CallSiteArray.defaultCallConstructor(CallSiteArray.java:60)at org.codehaus.groovy.runtime.callsite.AbstractCallSite.callConstructor(AbstractCallSite.java:235)at org.codehaus.groovy.runtime.callsite.AbstractCallSite.callConstructor(AbstractCallSite.java:247)at com.jayway.restassured.internal.ResponseSpecificationImpl$HamcrestAssertionClosure.validate(ResponseSpecificationImpl.groovy:598)at com.jayway.restassured.internal.ResponseSpecificationImpl$HamcrestAssertionClosure$validate$1.call(Unknown Source)at com.jayway.restassured.internal.ResponseSpecificationImpl.validateResponseIfRequired(ResponseSpecificationImpl.groovy:760)at org.codehaus.groovy.runtime.callsite.PogoMetaMethodSite$PogoCachedMethodSiteNoUnwrapNoCoerce.invoke(PogoMetaMethodSite.java:210)at org.codehaus.groovy.runtime.callsite.PogoMetaMethodSite.callCurrent(PogoMetaMethodSite.java:59)at org.codehaus.groovy.runtime.callsite.CallSiteArray.defaultCallCurrent(CallSiteArray.java:52)at org.codehaus.groovy.runtime.callsite.AbstractCallSite.callCurrent(AbstractCallSite.java:154)at org.codehaus.groovy.runtime.callsite.AbstractCallSite.callCurrent(AbstractCallSite.java:166)at com.jayway.restassured.internal.ResponseSpecificationImpl.content(ResponseSpecificationImpl.groovy:251)at com.jayway.restassured.specification.ResponseSpecification$content$1.callCurrent(Unknown Source)at org.codehaus.groovy.runtime.callsite.CallSiteArray.defaultCallCurrent(CallSiteArray.java:52)at org.codehaus.groovy.runtime.callsite.AbstractCallSite.callCurrent(AbstractCallSite.java:154)at org.codehaus.groovy.runtime.callsite.AbstractCallSite.callCurrent(AbstractCallSite.java:190)at com.jayway.restassured.internal.ResponseSpecificationImpl.body(ResponseSpecificationImpl.groovy:234)at com.jayway.restassured.internal.ValidatableResponseOptionsImpl.body(ValidatableResponseOptionsImpl.java:264)at com.loginradius.GetAcessToken.getacesstoken(GetAcessToken.java:64)... Removed 35 stack frames]]>
    </failure>
  </testcase> <!-- getacesstoken -->
  <testcase name="getauthkey_positive" time="4.402" classname="com.loginradius.GetAuthKey"/>
  <testcase name="getprofile_positive" time="1.322" classname="com.loginradius.GetProfileUser"/>
  <testcase name="kuserlogin_positive" time="0.556" classname="com.loginradius.KuserLogin"/>
  <testcase name="kuserreg_positive" time="2.063" classname="com.loginradius.KuserReg"/>
  <testcase name="setpassword_positive" time="3.517" classname="com.loginradius.SetPassword"/>
  <testcase name="setusername_positive" time="4.346" classname="com.loginradius.SetUsername"/>
  <testcase name="excelreport" time="5.851" classname="com.loginradius.ExcelReport"/>
  <testcase name="imageupdate_positive" time="0.0" classname="com.loginradius.Imageupdate">
    <ignored/>
  </testcase> <!-- imageupdate_positive -->
</testsuite> <!-- AuthApitest -->
