<?xml version="1.0" encoding="UTF-8"?>
<!-- Generated by org.testng.reporters.JUnitXMLReporter -->
<testsuite hostname="IFOCUSODC-PC09" ignored="0" name="test" tests="35" failures="1" timestamp="27 Dec 2017 11:58:54 GMT" time="20.736" errors="0">
  <testcase name="AllKidsShows_test" time="3.195" classname="com.APITESTING.SCRIPTS.AllKidsShows"/>
  <testcase name="isfollowed" time="0.389" classname="com.APITESTING.SCRIPTS.IsFollowed"/>
  <testcase name="Shows" time="0.441" classname="com.APITESTING.SCRIPTS.AssestsDetails"/>
  <testcase name="Kidscluster_test" time="0.116" classname="com.APITESTING.SCRIPTS.KidsCluster"/>
  <testcase name="AllEpisodes" time="0.62" classname="com.APITESTING.SCRIPTS.AssetDetailsAllEpisodes"/>
  <testcase name="KidsDetail_test" time="0.42" classname="com.APITESTING.SCRIPTS.KidsDetail"/>
  <testcase name="AllMovies" time="0.52" classname="com.APITESTING.SCRIPTS.AssetDetailsallmovies"/>
  <testcase name="KidsHome_test" time="0.632" classname="com.APITESTING.SCRIPTS.KidsHome"/>
  <testcase name="AllSeasons" time="1.037" classname="com.APITESTING.SCRIPTS.AssetDetailsAllSeasons"/>
  <testcase name="language" time="0.1" classname="com.APITESTING.SCRIPTS.Language"/>
  <testcase name="MoreMovies" time="5.349" classname="com.APITESTING.SCRIPTS.AssetDetailsMoreMovies"/>
  <testcase name="MainMenu" time="0.095" classname="com.APITESTING.SCRIPTS.Menu"/>
  <testcase name="VOShows" time="0.598" classname="com.APITESTING.SCRIPTS.AssetsDetailsAllVOShows"/>
  <testcase name="sample_test" time="0.595" classname="com.APITESTING.SCRIPTS.sample">
    <failure type="java.lang.IllegalArgumentException" message="Cannot invoke method getAt() on null object">
      <![CDATA[java.lang.IllegalArgumentException: Cannot invoke method getAt() on null objectat org.codehaus.groovy.runtime.callsite.ConstructorSite$ConstructorSiteNoUnwrapNoCoerce.callConstructor(ConstructorSite.java:105)at org.codehaus.groovy.runtime.callsite.CallSiteArray.defaultCallConstructor(CallSiteArray.java:60)at org.codehaus.groovy.runtime.callsite.AbstractCallSite.callConstructor(AbstractCallSite.java:235)at org.codehaus.groovy.runtime.callsite.AbstractCallSite.callConstructor(AbstractCallSite.java:255)at com.jayway.restassured.internal.path.json.JSONAssertion.getAsJsonObject(JSONAssertion.groovy:53)at com.jayway.restassured.internal.path.json.JSONAssertion$getAsJsonObject.callCurrent(Unknown Source)at com.jayway.restassured.internal.path.json.JSONAssertion.getResult(JSONAssertion.groovy:28)at com.jayway.restassured.path.json.JsonPath.get(JsonPath.java:202)at com.jayway.restassured.path.json.JsonPath$get$0.call(Unknown Source)at com.jayway.restassured.internal.RestAssuredResponseOptionsGroovyImpl.path(RestAssuredResponseOptionsGroovyImpl.groovy:392)at com.jayway.restassured.internal.RestAssuredResponseOptionsImpl.path(RestAssuredResponseOptionsImpl.java:195)at com.APITESTING.SCRIPTS.sample.sample_test(sample.java:26)Caused by: java.lang.NullPointerException: Cannot invoke method getAt() on null objectat org.codehaus.groovy.runtime.NullObject.invokeMethod(NullObject.java:91)at org.codehaus.groovy.runtime.callsite.PogoMetaClassSite.call(PogoMetaClassSite.java:48)at org.codehaus.groovy.runtime.callsite.CallSiteArray.defaultCall(CallSiteArray.java:48)at org.codehaus.groovy.runtime.callsite.NullCallSite.call(NullCallSite.java:35)at org.codehaus.groovy.runtime.callsite.CallSiteArray.defaultCall(CallSiteArray.java:48)at org.codehaus.groovy.runtime.callsite.AbstractCallSite.call(AbstractCallSite.java:113)at org.codehaus.groovy.runtime.callsite.AbstractCallSite.call(AbstractCallSite.java:125)at Script1.run(Script1.groovy:1)at groovy.lang.GroovyShell.evaluate(GroovyShell.java:591)at groovy.lang.GroovyShell.evaluate(GroovyShell.java:629)at groovy.lang.GroovyShell.evaluate(GroovyShell.java:600)at org.codehaus.groovy.runtime.callsite.PogoMetaMethodSite$PogoCachedMethodSiteNoUnwrap.invoke(PogoMetaMethodSite.java:190)at org.codehaus.groovy.runtime.callsite.PogoMetaMethodSite.call(PogoMetaMethodSite.java:71)at org.codehaus.groovy.runtime.callsite.AbstractCallSite.call(AbstractCallSite.java:125)at com.jayway.restassured.internal.path.json.JSONAssertion.eval(JSONAssertion.groovy:76)at org.codehaus.groovy.runtime.callsite.PogoMetaMethodSite$PogoCachedMethodSiteNoUnwrapNoCoerce.invoke(PogoMetaMethodSite.java:210)at org.codehaus.groovy.runtime.callsite.PogoMetaMethodSite.callCurrent(PogoMetaMethodSite.java:59)at org.codehaus.groovy.runtime.callsite.AbstractCallSite.callCurrent(AbstractCallSite.java:182)at com.jayway.restassured.internal.path.json.JSONAssertion.getAsJsonObject(JSONAssertion.groovy:46)... 32 more... Removed 38 stack frames]]>
    </failure>
  </testcase> <!-- sample_test -->
  <testcase name="channellist" time="0.086" classname="com.APITESTING.SCRIPTS.ChannelList"/>
  <testcase name="Season" time="0.433" classname="com.APITESTING.SCRIPTS.SeasonListing"/>
  <testcase name="channelsdetails" time="0.105" classname="com.APITESTING.SCRIPTS.ChannelsDetails"/>
  <testcase name="Segmentedtabs" time="0.265" classname="com.APITESTING.SCRIPTS.SegmentedTabs"/>
  <testcase name="Test_01_positive" time="0.525" classname="com.APITESTING.SCRIPTS.ConfigJson"/>
  <testcase name="discover" time="0.294" classname="com.APITESTING.SCRIPTS.SegmentedTabsDiscover"/>
  <testcase name="countries" time="0.097" classname="com.APITESTING.SCRIPTS.Countries"/>
  <testcase name="Shows" time="0.499" classname="com.APITESTING.SCRIPTS.ShowDetails"/>
  <testcase name="discover" time="0.107" classname="com.APITESTING.SCRIPTS.Discover"/>
  <testcase name="Shows" time="0.701" classname="com.APITESTING.SCRIPTS.ShowListing"/>
  <testcase name="firsthit" time="0.079" classname="com.APITESTING.SCRIPTS.FirstHit"/>
  <testcase name="channeltab" time="0.357" classname="com.APITESTING.SCRIPTS.TabChannel"/>
  <testcase name="followadd" time="0.285" classname="com.APITESTING.SCRIPTS.FollowAdd"/>
  <testcase name="Androidtabs" time="0.088" classname="com.APITESTING.SCRIPTS.TabsAndroid"/>
  <testcase name="followlist" time="0.462" classname="com.APITESTING.SCRIPTS.FollowList"/>
  <testcase name="Tabshome" time="0.104" classname="com.APITESTING.SCRIPTS.TabsHome"/>
  <testcase name="followaddremove" time="0.346" classname="com.APITESTING.SCRIPTS.FollowRemove"/>
  <testcase name="Iostabs" time="0.13" classname="com.APITESTING.SCRIPTS.TabsIOS"/>
  <testcase name="followupdatelastwatched" time="0.288" classname="com.APITESTING.SCRIPTS.FollowUpdateLastWatched"/>
  <testcase name="moviestabs" time="0.78" classname="com.APITESTING.SCRIPTS.TabsMovies"/>
  <testcase name="Shows" time="0.532" classname="com.APITESTING.SCRIPTS.VOShowsListing"/>
</testsuite> <!-- test -->
